<?xml version="1.0" encoding="UTF-8"?>
<testng-results ignored="0" total="1" passed="1" failed="0" skipped="0">
  <reporter-output>
  </reporter-output>
  <suite started-at="2024-02-28T10:08:40 WIB" name="Default suite" finished-at="2024-02-28T10:09:05 WIB" duration-ms="25137">
    <groups>
    </groups>
    <test started-at="2024-02-28T10:08:40 WIB" name="Default test" finished-at="2024-02-28T10:09:05 WIB" duration-ms="25137">
      <class name="test.BaseTest">
        <test-method is-config="true" signature="config()[pri:0, instance:test.BaseTest@f6efaab]" started-at="2024-02-28T10:08:40 WIB" name="config" finished-at="2024-02-28T10:09:01 WIB" duration-ms="21326" status="PASS">
          <reporter-output>
          </reporter-output>
        </test-method> <!-- config -->
        <test-method signature="wifiSettingName()[pri:0, instance:test.BaseTest@f6efaab]" started-at="2024-02-28T10:09:02 WIB" name="wifiSettingName" finished-at="2024-02-28T10:09:05 WIB" duration-ms="3094" status="PASS">
          <reporter-output>
          </reporter-output>
        </test-method> <!-- wifiSettingName -->
        <test-method is-config="true" signature="tearDown()[pri:0, instance:test.BaseTest@f6efaab]" started-at="2024-02-28T10:09:05 WIB" name="tearDown" finished-at="2024-02-28T10:09:05 WIB" duration-ms="668" status="PASS">
          <reporter-output>
          </reporter-output>
        </test-method> <!-- tearDown -->
      </class> <!-- test.BaseTest -->
    </test> <!-- Default test -->
  </suite> <!-- Default suite -->
</testng-results>
